mode: set
github.com/KekemonBS/Softserve_golang/Elementary_tasks/task1/main.go:11.13,13.16 2 0
github.com/KekemonBS/Softserve_golang/Elementary_tasks/task1/main.go:17.2,17.12 1 0
github.com/KekemonBS/Softserve_golang/Elementary_tasks/task1/main.go:13.16,16.3 2 0
github.com/KekemonBS/Softserve_golang/Elementary_tasks/task1/main.go:20.43,23.20 3 1
github.com/KekemonBS/Softserve_golang/Elementary_tasks/task1/main.go:31.2,33.15 3 1
github.com/KekemonBS/Softserve_golang/Elementary_tasks/task1/main.go:38.2,39.16 2 1
github.com/KekemonBS/Softserve_golang/Elementary_tasks/task1/main.go:42.2,43.16 2 1
github.com/KekemonBS/Softserve_golang/Elementary_tasks/task1/main.go:46.2,47.12 2 1
github.com/KekemonBS/Softserve_golang/Elementary_tasks/task1/main.go:23.20,26.3 2 1
github.com/KekemonBS/Softserve_golang/Elementary_tasks/task1/main.go:26.8,29.3 2 1
github.com/KekemonBS/Softserve_golang/Elementary_tasks/task1/main.go:33.15,36.3 2 1
github.com/KekemonBS/Softserve_golang/Elementary_tasks/task1/main.go:39.16,41.3 1 1
github.com/KekemonBS/Softserve_golang/Elementary_tasks/task1/main.go:43.16,45.3 1 1
github.com/KekemonBS/Softserve_golang/Elementary_tasks/task1/main.go:50.61,51.25 1 1
github.com/KekemonBS/Softserve_golang/Elementary_tasks/task1/main.go:61.2,61.14 1 1
github.com/KekemonBS/Softserve_golang/Elementary_tasks/task1/main.go:51.25,52.26 1 1
github.com/KekemonBS/Softserve_golang/Elementary_tasks/task1/main.go:59.3,59.16 1 1
github.com/KekemonBS/Softserve_golang/Elementary_tasks/task1/main.go:52.26,53.16 1 1
github.com/KekemonBS/Softserve_golang/Elementary_tasks/task1/main.go:53.16,55.5 1 1
github.com/KekemonBS/Softserve_golang/Elementary_tasks/task1/main.go:55.10,57.5 1 1
