mode: set
github.com/KekemonBS/Softserve_golang/Elementary_tasks/task4/main.go:12.13,14.16 2 0
github.com/KekemonBS/Softserve_golang/Elementary_tasks/task4/main.go:18.2,18.12 1 0
github.com/KekemonBS/Softserve_golang/Elementary_tasks/task4/main.go:14.16,17.3 2 0
github.com/KekemonBS/Softserve_golang/Elementary_tasks/task4/main.go:21.57,26.68 4 1
github.com/KekemonBS/Softserve_golang/Elementary_tasks/task4/main.go:33.2,35.15 3 1
github.com/KekemonBS/Softserve_golang/Elementary_tasks/task4/main.go:42.2,43.20 2 1
github.com/KekemonBS/Softserve_golang/Elementary_tasks/task4/main.go:46.2,46.20 1 1
github.com/KekemonBS/Softserve_golang/Elementary_tasks/task4/main.go:49.2,50.20 2 1
github.com/KekemonBS/Softserve_golang/Elementary_tasks/task4/main.go:53.2,59.21 5 1
github.com/KekemonBS/Softserve_golang/Elementary_tasks/task4/main.go:63.2,63.20 1 1
github.com/KekemonBS/Softserve_golang/Elementary_tasks/task4/main.go:76.2,76.18 1 1
github.com/KekemonBS/Softserve_golang/Elementary_tasks/task4/main.go:26.68,29.3 2 1
github.com/KekemonBS/Softserve_golang/Elementary_tasks/task4/main.go:29.8,31.3 1 1
github.com/KekemonBS/Softserve_golang/Elementary_tasks/task4/main.go:35.15,40.3 2 1
github.com/KekemonBS/Softserve_golang/Elementary_tasks/task4/main.go:43.20,45.3 1 1
github.com/KekemonBS/Softserve_golang/Elementary_tasks/task4/main.go:46.20,48.3 1 1
github.com/KekemonBS/Softserve_golang/Elementary_tasks/task4/main.go:50.20,52.3 1 1
github.com/KekemonBS/Softserve_golang/Elementary_tasks/task4/main.go:59.21,61.3 1 0
github.com/KekemonBS/Softserve_golang/Elementary_tasks/task4/main.go:63.20,65.24 2 1
github.com/KekemonBS/Softserve_golang/Elementary_tasks/task4/main.go:68.3,69.22 2 1
github.com/KekemonBS/Softserve_golang/Elementary_tasks/task4/main.go:72.3,72.76 1 1
github.com/KekemonBS/Softserve_golang/Elementary_tasks/task4/main.go:65.24,67.4 1 0
github.com/KekemonBS/Softserve_golang/Elementary_tasks/task4/main.go:69.22,71.4 1 0
github.com/KekemonBS/Softserve_golang/Elementary_tasks/task4/main.go:73.8,75.3 1 0
github.com/KekemonBS/Softserve_golang/Elementary_tasks/task4/main.go:79.67,82.21 3 1
github.com/KekemonBS/Softserve_golang/Elementary_tasks/task4/main.go:91.2,91.21 1 1
github.com/KekemonBS/Softserve_golang/Elementary_tasks/task4/main.go:82.21,84.17 2 1
github.com/KekemonBS/Softserve_golang/Elementary_tasks/task4/main.go:87.3,87.12 1 1
github.com/KekemonBS/Softserve_golang/Elementary_tasks/task4/main.go:84.17,86.4 1 0
github.com/KekemonBS/Softserve_golang/Elementary_tasks/task4/main.go:87.12,89.4 1 1
github.com/KekemonBS/Softserve_golang/Elementary_tasks/task4/main.go:94.83,96.17 2 1
github.com/KekemonBS/Softserve_golang/Elementary_tasks/task4/main.go:99.2,102.17 4 1
github.com/KekemonBS/Softserve_golang/Elementary_tasks/task4/main.go:105.2,107.15 3 1
github.com/KekemonBS/Softserve_golang/Elementary_tasks/task4/main.go:96.17,98.3 1 0
github.com/KekemonBS/Softserve_golang/Elementary_tasks/task4/main.go:102.17,104.3 1 0
github.com/KekemonBS/Softserve_golang/Elementary_tasks/task4/main.go:110.49,112.17 2 1
github.com/KekemonBS/Softserve_golang/Elementary_tasks/task4/main.go:115.2,116.12 2 1
github.com/KekemonBS/Softserve_golang/Elementary_tasks/task4/main.go:112.17,114.3 1 0
