mode: set
github.com/KekemonBS/Softserve_golang/Elementary_tasks/task3/main.go:22.34,25.2 2 1
github.com/KekemonBS/Softserve_golang/Elementary_tasks/task3/main.go:29.42,29.61 1 1
github.com/KekemonBS/Softserve_golang/Elementary_tasks/task3/main.go:30.42,30.82 1 1
github.com/KekemonBS/Softserve_golang/Elementary_tasks/task3/main.go:31.42,31.77 1 1
github.com/KekemonBS/Softserve_golang/Elementary_tasks/task3/main.go:33.13,35.16 2 0
github.com/KekemonBS/Softserve_golang/Elementary_tasks/task3/main.go:39.2,39.12 1 0
github.com/KekemonBS/Softserve_golang/Elementary_tasks/task3/main.go:35.16,38.3 2 0
github.com/KekemonBS/Softserve_golang/Elementary_tasks/task3/main.go:42.45,45.15 3 1
github.com/KekemonBS/Softserve_golang/Elementary_tasks/task3/main.go:51.2,54.16 4 1
github.com/KekemonBS/Softserve_golang/Elementary_tasks/task3/main.go:57.2,59.12 3 1
github.com/KekemonBS/Softserve_golang/Elementary_tasks/task3/main.go:45.15,50.3 3 1
github.com/KekemonBS/Softserve_golang/Elementary_tasks/task3/main.go:54.16,56.3 1 1
github.com/KekemonBS/Softserve_golang/Elementary_tasks/task3/main.go:62.44,63.24 1 1
github.com/KekemonBS/Softserve_golang/Elementary_tasks/task3/main.go:66.2,69.6 4 0
github.com/KekemonBS/Softserve_golang/Elementary_tasks/task3/main.go:91.2,91.12 1 0
github.com/KekemonBS/Softserve_golang/Elementary_tasks/task3/main.go:63.24,65.3 1 1
github.com/KekemonBS/Softserve_golang/Elementary_tasks/task3/main.go:69.6,76.21 6 0
github.com/KekemonBS/Softserve_golang/Elementary_tasks/task3/main.go:80.3,83.31 4 0
github.com/KekemonBS/Softserve_golang/Elementary_tasks/task3/main.go:76.21,79.4 2 0
github.com/KekemonBS/Softserve_golang/Elementary_tasks/task3/main.go:83.31,84.12 1 0
github.com/KekemonBS/Softserve_golang/Elementary_tasks/task3/main.go:85.9,85.38 1 0
github.com/KekemonBS/Softserve_golang/Elementary_tasks/task3/main.go:85.38,86.9 1 0
github.com/KekemonBS/Softserve_golang/Elementary_tasks/task3/main.go:87.9,89.4 1 0
github.com/KekemonBS/Softserve_golang/Elementary_tasks/task3/main.go:94.60,97.53 3 1
github.com/KekemonBS/Softserve_golang/Elementary_tasks/task3/main.go:118.2,118.23 1 1
github.com/KekemonBS/Softserve_golang/Elementary_tasks/task3/main.go:97.53,101.17 4 1
github.com/KekemonBS/Softserve_golang/Elementary_tasks/task3/main.go:104.3,105.17 2 1
github.com/KekemonBS/Softserve_golang/Elementary_tasks/task3/main.go:108.3,109.17 2 1
github.com/KekemonBS/Softserve_golang/Elementary_tasks/task3/main.go:113.3,113.48 1 1
github.com/KekemonBS/Softserve_golang/Elementary_tasks/task3/main.go:116.3,116.60 1 1
github.com/KekemonBS/Softserve_golang/Elementary_tasks/task3/main.go:101.17,103.4 1 1
github.com/KekemonBS/Softserve_golang/Elementary_tasks/task3/main.go:105.17,107.4 1 1
github.com/KekemonBS/Softserve_golang/Elementary_tasks/task3/main.go:109.17,111.4 1 1
github.com/KekemonBS/Softserve_golang/Elementary_tasks/task3/main.go:113.48,115.4 1 1
github.com/KekemonBS/Softserve_golang/Elementary_tasks/task3/main.go:121.42,124.2 2 1
github.com/KekemonBS/Softserve_golang/Elementary_tasks/task3/main.go:126.58,129.24 3 1
github.com/KekemonBS/Softserve_golang/Elementary_tasks/task3/main.go:132.2,132.12 1 1
github.com/KekemonBS/Softserve_golang/Elementary_tasks/task3/main.go:129.24,131.3 1 1
