mode: set
github.com/KekemonBS/Softserve_golang/Elementary_tasks/task6/main.go:13.13,15.16 2 0
github.com/KekemonBS/Softserve_golang/Elementary_tasks/task6/main.go:19.2,20.12 2 0
github.com/KekemonBS/Softserve_golang/Elementary_tasks/task6/main.go:15.16,18.3 2 0
github.com/KekemonBS/Softserve_golang/Elementary_tasks/task6/main.go:23.56,25.46 2 1
github.com/KekemonBS/Softserve_golang/Elementary_tasks/task6/main.go:32.2,34.15 3 1
github.com/KekemonBS/Softserve_golang/Elementary_tasks/task6/main.go:39.2,39.20 1 1
github.com/KekemonBS/Softserve_golang/Elementary_tasks/task6/main.go:43.2,46.25 4 1
github.com/KekemonBS/Softserve_golang/Elementary_tasks/task6/main.go:49.2,49.21 1 1
github.com/KekemonBS/Softserve_golang/Elementary_tasks/task6/main.go:25.46,28.3 2 1
github.com/KekemonBS/Softserve_golang/Elementary_tasks/task6/main.go:28.8,30.3 1 1
github.com/KekemonBS/Softserve_golang/Elementary_tasks/task6/main.go:34.15,37.3 2 1
github.com/KekemonBS/Softserve_golang/Elementary_tasks/task6/main.go:39.20,41.3 1 1
github.com/KekemonBS/Softserve_golang/Elementary_tasks/task6/main.go:46.25,48.3 1 1
github.com/KekemonBS/Softserve_golang/Elementary_tasks/task6/main.go:52.55,54.16 2 1
github.com/KekemonBS/Softserve_golang/Elementary_tasks/task6/main.go:58.2,61.21 4 1
github.com/KekemonBS/Softserve_golang/Elementary_tasks/task6/main.go:81.2,81.21 1 1
github.com/KekemonBS/Softserve_golang/Elementary_tasks/task6/main.go:54.16,56.3 1 1
github.com/KekemonBS/Softserve_golang/Elementary_tasks/task6/main.go:61.21,62.30 1 1
github.com/KekemonBS/Softserve_golang/Elementary_tasks/task6/main.go:66.3,66.22 1 1
github.com/KekemonBS/Softserve_golang/Elementary_tasks/task6/main.go:79.3,79.15 1 1
github.com/KekemonBS/Softserve_golang/Elementary_tasks/task6/main.go:62.30,64.4 1 1
github.com/KekemonBS/Softserve_golang/Elementary_tasks/task6/main.go:66.22,68.18 2 1
github.com/KekemonBS/Softserve_golang/Elementary_tasks/task6/main.go:71.4,71.20 1 1
github.com/KekemonBS/Softserve_golang/Elementary_tasks/task6/main.go:68.18,70.5 1 1
github.com/KekemonBS/Softserve_golang/Elementary_tasks/task6/main.go:72.9,72.28 1 1
github.com/KekemonBS/Softserve_golang/Elementary_tasks/task6/main.go:72.28,74.18 2 1
github.com/KekemonBS/Softserve_golang/Elementary_tasks/task6/main.go:77.4,77.20 1 1
github.com/KekemonBS/Softserve_golang/Elementary_tasks/task6/main.go:74.18,76.5 1 1
github.com/KekemonBS/Softserve_golang/Elementary_tasks/task6/main.go:85.54,87.16 2 1
github.com/KekemonBS/Softserve_golang/Elementary_tasks/task6/main.go:91.2,93.35 3 1
github.com/KekemonBS/Softserve_golang/Elementary_tasks/task6/main.go:96.2,96.15 1 1
github.com/KekemonBS/Softserve_golang/Elementary_tasks/task6/main.go:87.16,89.3 1 1
github.com/KekemonBS/Softserve_golang/Elementary_tasks/task6/main.go:93.35,95.3 1 1
github.com/KekemonBS/Softserve_golang/Elementary_tasks/task6/main.go:100.53,102.16 2 1
github.com/KekemonBS/Softserve_golang/Elementary_tasks/task6/main.go:106.2,108.24 3 1
github.com/KekemonBS/Softserve_golang/Elementary_tasks/task6/main.go:115.2,115.41 1 1
github.com/KekemonBS/Softserve_golang/Elementary_tasks/task6/main.go:118.2,118.15 1 1
github.com/KekemonBS/Softserve_golang/Elementary_tasks/task6/main.go:102.16,104.3 1 1
github.com/KekemonBS/Softserve_golang/Elementary_tasks/task6/main.go:108.24,109.15 1 1
github.com/KekemonBS/Softserve_golang/Elementary_tasks/task6/main.go:109.15,111.4 1 1
github.com/KekemonBS/Softserve_golang/Elementary_tasks/task6/main.go:111.9,113.4 1 1
github.com/KekemonBS/Softserve_golang/Elementary_tasks/task6/main.go:115.41,117.3 1 1
github.com/KekemonBS/Softserve_golang/Elementary_tasks/task6/main.go:121.63,123.27 2 1
github.com/KekemonBS/Softserve_golang/Elementary_tasks/task6/main.go:130.2,130.20 1 1
github.com/KekemonBS/Softserve_golang/Elementary_tasks/task6/main.go:123.27,125.17 2 1
github.com/KekemonBS/Softserve_golang/Elementary_tasks/task6/main.go:128.3,128.31 1 1
github.com/KekemonBS/Softserve_golang/Elementary_tasks/task6/main.go:125.17,127.4 1 1
