mode: set
github.com/KekemonBS/Softserve_golang/Elementary_tasks/task7/main.go:12.13,14.16 2 0
github.com/KekemonBS/Softserve_golang/Elementary_tasks/task7/main.go:18.2,19.12 2 0
github.com/KekemonBS/Softserve_golang/Elementary_tasks/task7/main.go:14.16,17.3 2 0
github.com/KekemonBS/Softserve_golang/Elementary_tasks/task7/main.go:22.59,24.15 2 1
github.com/KekemonBS/Softserve_golang/Elementary_tasks/task7/main.go:31.2,33.15 3 1
github.com/KekemonBS/Softserve_golang/Elementary_tasks/task7/main.go:37.2,37.20 1 1
github.com/KekemonBS/Softserve_golang/Elementary_tasks/task7/main.go:41.2,42.16 2 1
github.com/KekemonBS/Softserve_golang/Elementary_tasks/task7/main.go:45.2,45.26 1 1
github.com/KekemonBS/Softserve_golang/Elementary_tasks/task7/main.go:24.15,27.3 2 1
github.com/KekemonBS/Softserve_golang/Elementary_tasks/task7/main.go:27.8,29.3 1 1
github.com/KekemonBS/Softserve_golang/Elementary_tasks/task7/main.go:33.15,36.3 2 1
github.com/KekemonBS/Softserve_golang/Elementary_tasks/task7/main.go:37.20,39.3 1 1
github.com/KekemonBS/Softserve_golang/Elementary_tasks/task7/main.go:42.16,44.3 1 1
github.com/KekemonBS/Softserve_golang/Elementary_tasks/task7/main.go:48.39,50.35 2 1
github.com/KekemonBS/Softserve_golang/Elementary_tasks/task7/main.go:56.2,56.18 1 1
github.com/KekemonBS/Softserve_golang/Elementary_tasks/task7/main.go:50.35,52.26 2 1
github.com/KekemonBS/Softserve_golang/Elementary_tasks/task7/main.go:52.26,54.4 1 1
