mode: set
github.com/KekemonBS/Softserve_golang/Elementary_tasks/task5/main.go:56.13,58.16 2 0
github.com/KekemonBS/Softserve_golang/Elementary_tasks/task5/main.go:62.2,63.12 2 0
github.com/KekemonBS/Softserve_golang/Elementary_tasks/task5/main.go:58.16,61.3 2 0
github.com/KekemonBS/Softserve_golang/Elementary_tasks/task5/main.go:66.50,67.15 1 1
github.com/KekemonBS/Softserve_golang/Elementary_tasks/task5/main.go:72.2,74.15 3 1
github.com/KekemonBS/Softserve_golang/Elementary_tasks/task5/main.go:79.2,79.23 1 1
github.com/KekemonBS/Softserve_golang/Elementary_tasks/task5/main.go:83.2,84.16 2 1
github.com/KekemonBS/Softserve_golang/Elementary_tasks/task5/main.go:88.2,91.28 4 1
github.com/KekemonBS/Softserve_golang/Elementary_tasks/task5/main.go:102.2,105.35 4 1
github.com/KekemonBS/Softserve_golang/Elementary_tasks/task5/main.go:114.2,114.22 1 1
github.com/KekemonBS/Softserve_golang/Elementary_tasks/task5/main.go:67.15,70.3 2 1
github.com/KekemonBS/Softserve_golang/Elementary_tasks/task5/main.go:74.15,77.3 2 1
github.com/KekemonBS/Softserve_golang/Elementary_tasks/task5/main.go:79.23,81.3 1 0
github.com/KekemonBS/Softserve_golang/Elementary_tasks/task5/main.go:84.16,86.3 1 1
github.com/KekemonBS/Softserve_golang/Elementary_tasks/task5/main.go:91.28,93.24 2 1
github.com/KekemonBS/Softserve_golang/Elementary_tasks/task5/main.go:93.24,97.4 3 1
github.com/KekemonBS/Softserve_golang/Elementary_tasks/task5/main.go:97.9,99.4 1 1
github.com/KekemonBS/Softserve_golang/Elementary_tasks/task5/main.go:105.35,110.26 4 1
github.com/KekemonBS/Softserve_golang/Elementary_tasks/task5/main.go:110.26,112.4 1 1
github.com/KekemonBS/Softserve_golang/Elementary_tasks/task5/main.go:117.70,126.19 7 1
github.com/KekemonBS/Softserve_golang/Elementary_tasks/task5/main.go:138.2,138.36 1 1
github.com/KekemonBS/Softserve_golang/Elementary_tasks/task5/main.go:162.2,162.11 1 1
github.com/KekemonBS/Softserve_golang/Elementary_tasks/task5/main.go:177.2,177.22 1 1
github.com/KekemonBS/Softserve_golang/Elementary_tasks/task5/main.go:126.19,127.40 1 1
github.com/KekemonBS/Softserve_golang/Elementary_tasks/task5/main.go:127.40,129.4 1 1
github.com/KekemonBS/Softserve_golang/Elementary_tasks/task5/main.go:129.9,129.45 1 1
github.com/KekemonBS/Softserve_golang/Elementary_tasks/task5/main.go:129.45,131.4 1 1
github.com/KekemonBS/Softserve_golang/Elementary_tasks/task5/main.go:131.9,131.86 1 1
github.com/KekemonBS/Softserve_golang/Elementary_tasks/task5/main.go:131.86,133.4 1 1
github.com/KekemonBS/Softserve_golang/Elementary_tasks/task5/main.go:133.9,135.4 1 1
github.com/KekemonBS/Softserve_golang/Elementary_tasks/task5/main.go:138.36,140.16 1 1
github.com/KekemonBS/Softserve_golang/Elementary_tasks/task5/main.go:144.3,144.16 1 1
github.com/KekemonBS/Softserve_golang/Elementary_tasks/task5/main.go:140.16,142.4 1 1
github.com/KekemonBS/Softserve_golang/Elementary_tasks/task5/main.go:144.16,145.19 1 1
github.com/KekemonBS/Softserve_golang/Elementary_tasks/task5/main.go:145.19,146.38 1 1
github.com/KekemonBS/Softserve_golang/Elementary_tasks/task5/main.go:146.38,148.6 1 1
github.com/KekemonBS/Softserve_golang/Elementary_tasks/task5/main.go:148.11,148.43 1 1
github.com/KekemonBS/Softserve_golang/Elementary_tasks/task5/main.go:148.43,150.6 1 1
github.com/KekemonBS/Softserve_golang/Elementary_tasks/task5/main.go:150.11,152.6 1 1
github.com/KekemonBS/Softserve_golang/Elementary_tasks/task5/main.go:153.10,155.5 1 1
github.com/KekemonBS/Softserve_golang/Elementary_tasks/task5/main.go:157.8,159.3 1 1
github.com/KekemonBS/Softserve_golang/Elementary_tasks/task5/main.go:162.11,163.55 1 1
github.com/KekemonBS/Softserve_golang/Elementary_tasks/task5/main.go:163.55,164.19 1 1
github.com/KekemonBS/Softserve_golang/Elementary_tasks/task5/main.go:164.19,166.5 1 1
github.com/KekemonBS/Softserve_golang/Elementary_tasks/task5/main.go:166.10,168.5 1 1
github.com/KekemonBS/Softserve_golang/Elementary_tasks/task5/main.go:169.9,170.19 1 1
github.com/KekemonBS/Softserve_golang/Elementary_tasks/task5/main.go:170.19,172.5 1 1
github.com/KekemonBS/Softserve_golang/Elementary_tasks/task5/main.go:172.10,174.5 1 1
