mode: set
github.com/KekemonBS/Softserve_golang/Elementary_tasks/task8/main.go:12.13,14.16 2 0
github.com/KekemonBS/Softserve_golang/Elementary_tasks/task8/main.go:18.2,19.12 2 0
github.com/KekemonBS/Softserve_golang/Elementary_tasks/task8/main.go:14.16,17.3 2 0
github.com/KekemonBS/Softserve_golang/Elementary_tasks/task8/main.go:22.53,24.34 2 1
github.com/KekemonBS/Softserve_golang/Elementary_tasks/task8/main.go:31.2,33.15 3 1
github.com/KekemonBS/Softserve_golang/Elementary_tasks/task8/main.go:37.2,38.20 2 1
github.com/KekemonBS/Softserve_golang/Elementary_tasks/task8/main.go:42.2,43.16 2 1
github.com/KekemonBS/Softserve_golang/Elementary_tasks/task8/main.go:46.2,47.16 2 1
github.com/KekemonBS/Softserve_golang/Elementary_tasks/task8/main.go:51.2,52.41 2 1
github.com/KekemonBS/Softserve_golang/Elementary_tasks/task8/main.go:24.34,27.3 2 1
github.com/KekemonBS/Softserve_golang/Elementary_tasks/task8/main.go:27.8,29.3 1 1
github.com/KekemonBS/Softserve_golang/Elementary_tasks/task8/main.go:33.15,36.3 2 1
github.com/KekemonBS/Softserve_golang/Elementary_tasks/task8/main.go:38.20,40.3 1 1
github.com/KekemonBS/Softserve_golang/Elementary_tasks/task8/main.go:43.16,45.3 1 1
github.com/KekemonBS/Softserve_golang/Elementary_tasks/task8/main.go:47.16,49.3 1 1
github.com/KekemonBS/Softserve_golang/Elementary_tasks/task8/main.go:55.43,59.16 4 1
github.com/KekemonBS/Softserve_golang/Elementary_tasks/task8/main.go:65.2,65.16 1 1
github.com/KekemonBS/Softserve_golang/Elementary_tasks/task8/main.go:59.16,61.33 2 1
github.com/KekemonBS/Softserve_golang/Elementary_tasks/task8/main.go:61.33,63.4 1 1
github.com/KekemonBS/Softserve_golang/Elementary_tasks/task8/main.go:68.27,73.33 4 1
github.com/KekemonBS/Softserve_golang/Elementary_tasks/task8/main.go:73.33,76.16 2 1
github.com/KekemonBS/Softserve_golang/Elementary_tasks/task8/main.go:80.3,82.14 3 1
github.com/KekemonBS/Softserve_golang/Elementary_tasks/task8/main.go:76.16,78.4 1 1
